Using pre-set license
Built from '2020.3/staging' branch; Version is '2020.3.21f1 (a38c86f6690f) revision 10718342'; Using compiler version '192528614'; Build Type 'Release'
OS: 'Windows 10 Home; OS build 19045.2965; Version 2009; 64bit' Language: 'en' Physical Memory: 6019 MB
BatchMode: 1, IsHumanControllingUs: 0, StartBugReporterOnCrash: 0, Is64bit: 1, IsPro: 0

COMMAND LINE ARGUMENTS:
C:\Program Files\Unity\Hub\Editor\2020.3.21f1\Editor\Unity.exe
-adb2
-batchMode
-noUpm
-name
AssetImportWorker0
-projectPath
C:/Users/Owner/GIthub_Laptop/AltarEnvironment
-logFile
Logs/AssetImportWorker0.log
-srvPort
51963
Successfully changed project path to: C:/Users/Owner/GIthub_Laptop/AltarEnvironment
C:/Users/Owner/GIthub_Laptop/AltarEnvironment
Using Asset Import Pipeline V2.
Refreshing native plugins compatible for Editor in 332.42 ms, found 3 plugins.
Preloading 0 native plugins for Editor in 0.00 ms.
Initialize engine version: 2020.3.21f1 (a38c86f6690f)
[Subsystems] Discovering subsystems at path C:/Program Files/Unity/Hub/Editor/2020.3.21f1/Editor/Data/Resources/UnitySubsystems
[Subsystems] Discovering subsystems at path C:/Users/Owner/GIthub_Laptop/AltarEnvironment/Assets
GfxDevice: creating device client; threaded=0
Direct3D:
    Version:  Direct3D 11.0 [level 11.1]
    Renderer: NVIDIA GeForce GTX 1050 (ID=0x1c91)
    Vendor:   
    VRAM:     2995 MB
    Driver:   31.0.15.2656
Initialize mono
Mono path[0] = 'C:/Program Files/Unity/Hub/Editor/2020.3.21f1/Editor/Data/Managed'
Mono path[1] = 'C:/Program Files/Unity/Hub/Editor/2020.3.21f1/Editor/Data/MonoBleedingEdge/lib/mono/unityjit'
Mono config path = 'C:/Program Files/Unity/Hub/Editor/2020.3.21f1/Editor/Data/MonoBleedingEdge/etc'
Using monoOptions --debugger-agent=transport=dt_socket,embedding=1,server=y,suspend=n,address=127.0.0.1:56268
Begin MonoManager ReloadAssembly
Registering precompiled unity dll's ...
Register platform support module: C:/Program Files/Unity/Hub/Editor/2020.3.21f1/Editor/Data/PlaybackEngines/WindowsStandaloneSupport/UnityEditor.WindowsStandalone.Extensions.dll
Registered in 0.003804 seconds.
Native extension for WindowsStandalone target not found
Refreshing native plugins compatible for Editor in 122.53 ms, found 3 plugins.
Preloading 0 native plugins for Editor in 0.00 ms.
Mono: successfully reloaded assembly
- Completed reload, in  2.647 seconds
Domain Reload Profiling:
	ReloadAssembly (2648ms)
		BeginReloadAssembly (133ms)
			ExecutionOrderSort (0ms)
			DisableScriptedObjects (0ms)
			BackupInstance (0ms)
			ReleaseScriptingObjects (0ms)
			CreateAndSetChildDomain (2ms)
		EndReloadAssembly (767ms)
			LoadAssemblies (128ms)
			RebuildTransferFunctionScriptingTraits (1ms)
			SetupTypeCache (228ms)
			ReleaseScriptCaches (0ms)
			RebuildScriptCaches (37ms)
			SetupLoadedEditorAssemblies (349ms)
				LogAssemblyErrors (0ms)
				InitializePlatformSupportModulesInManaged (7ms)
				SetLoadedEditorAssemblies (0ms)
				RefreshPlugins (123ms)
				BeforeProcessingInitializeOnLoad (15ms)
				ProcessInitializeOnLoadAttributes (160ms)
				ProcessInitializeOnLoadMethodAttributes (44ms)
				AfterProcessingInitializeOnLoad (0ms)
				EditorAssembliesLoaded (0ms)
			ExecutionOrderSort2 (0ms)
			AwakeInstancesAfterBackupRestoration (0ms)
Platform modules already initialized, skipping
Registering precompiled user dll's ...
Registered in 0.016483 seconds.
Begin MonoManager ReloadAssembly
Native extension for WindowsStandalone target not found
Refreshing native plugins compatible for Editor in 138.97 ms, found 3 plugins.
Preloading 0 native plugins for Editor in 0.00 ms.
Mono: successfully reloaded assembly
- Completed reload, in  2.244 seconds
Domain Reload Profiling:
	ReloadAssembly (2246ms)
		BeginReloadAssembly (184ms)
			ExecutionOrderSort (0ms)
			DisableScriptedObjects (5ms)
			BackupInstance (0ms)
			ReleaseScriptingObjects (0ms)
			CreateAndSetChildDomain (26ms)
		EndReloadAssembly (1975ms)
			LoadAssemblies (170ms)
			RebuildTransferFunctionScriptingTraits (0ms)
			SetupTypeCache (515ms)
			ReleaseScriptCaches (1ms)
			RebuildScriptCaches (109ms)
			SetupLoadedEditorAssemblies (1019ms)
				LogAssemblyErrors (0ms)
				InitializePlatformSupportModulesInManaged (6ms)
				SetLoadedEditorAssemblies (0ms)
				RefreshPlugins (139ms)
				BeforeProcessingInitializeOnLoad (123ms)
				ProcessInitializeOnLoadAttributes (416ms)
				ProcessInitializeOnLoadMethodAttributes (325ms)
				AfterProcessingInitializeOnLoad (9ms)
				EditorAssembliesLoaded (0ms)
			ExecutionOrderSort2 (0ms)
			AwakeInstancesAfterBackupRestoration (8ms)
Platform modules already initialized, skipping
========================================================================
Worker process is ready to serve import requests
Launched and connected shader compiler UnityShaderCompiler.exe after 0.08 seconds
Refreshing native plugins compatible for Editor in 1.03 ms, found 3 plugins.
Preloading 0 native plugins for Editor in 0.00 ms.
Unloading 4420 Unused Serialized files (Serialized files now loaded: 0)
System memory in use before: 202.2 MB.
System memory in use after: 202.5 MB.

Unloading 26 unused Assets to reduce memory usage. Loaded Objects now: 4870.
Total: 8.998100 ms (FindLiveObjects: 0.542900 ms CreateObjectMapping: 0.399800 ms MarkObjects: 7.744800 ms  DeleteObjects: 0.307800 ms)

AssetImportParameters requested are different than current active one (requested -> active):
  custom:framework-win-MediaFoundation: 216162199b28c13a410421893ffa2e32 -> 
  custom:video-decoder-ogg-theora: a1e56fd34408186e4bbccfd4996cb3dc -> 
  custom:container-muxer-webm: aa71ff27fc2769a1b78a27578f13a17b -> 
  custom:container-demuxer-webm: 4f35f7cbe854078d1ac9338744f61a02 -> 
  custom:container-demuxer-ogg: 62fdf1f143b41e24485cea50d1cbac27 -> 
  custom:video-encoder-webm-vp8: eb34c28f22e8b96e1ab97ce403110664 -> 
  custom:video-decoder-webm-vp8: 9c59270c3fd7afecdb556c50c9e8de78 -> 
  custom:audio-decoder-ogg-vorbis: bf7c407c2cedff20999df2af8eb42d56 -> 
  custom:audio-encoder-webm-vorbis: bf7c407c2cedff20999df2af8eb42d56 -> 
========================================================================
Received Import Request.
  path: Assets/Maya_FBX_Exports/MainFloor.fbx
  artifactKey: Guid(09bdb095a6d2c344e916ecdae220555c) Importer(815301076,1909f56bfc062723c751e8b465ee728b)
Start importing Assets/Maya_FBX_Exports/MainFloor.fbx using Guid(09bdb095a6d2c344e916ecdae220555c) Importer(815301076,1909f56bfc062723c751e8b465ee728b)  -> (artifact id: '229f69d607d757cefb3d4a2cc4a35396') in 1.068122 seconds 
  Import took 1.080699 seconds .

========================================================================
Received Import Request.
  Time since last request: 0.000237 seconds.
  path: Assets/Maya_Models
  artifactKey: Guid(25a7e1e36fe0f7249bd2c3b08dbc31ce) Importer(815301076,1909f56bfc062723c751e8b465ee728b)
Start importing Assets/Maya_Models using Guid(25a7e1e36fe0f7249bd2c3b08dbc31ce) Importer(815301076,1909f56bfc062723c751e8b465ee728b)  -> (artifact id: '0097d7514c4638257b0f444864e2f98d') in 0.012990 seconds 
  Import took 0.021794 seconds .

========================================================================
Received Import Request.
  Time since last request: 0.000585 seconds.
  path: Assets/Maya_FBX_Exports
  artifactKey: Guid(fa1db79b6f056af40b6688e1e18352fd) Importer(815301076,1909f56bfc062723c751e8b465ee728b)
Start importing Assets/Maya_FBX_Exports using Guid(fa1db79b6f056af40b6688e1e18352fd) Importer(815301076,1909f56bfc062723c751e8b465ee728b)  -> (artifact id: '95bdcf32961fb59da15cd0a98dfb208a') in 0.011243 seconds 
  Import took 0.021918 seconds .

========================================================================
Received Import Request.
  Time since last request: 2.762331 seconds.
  path: Assets/Maya_FBX_Exports/MainFloor.fbx
  artifactKey: Guid(09bdb095a6d2c344e916ecdae220555c) Importer(815301076,1909f56bfc062723c751e8b465ee728b)
Start importing Assets/Maya_FBX_Exports/MainFloor.fbx using Guid(09bdb095a6d2c344e916ecdae220555c) Importer(815301076,1909f56bfc062723c751e8b465ee728b)  -> (artifact id: '930be1f1b5e485341a2d847cd3644b9c') in 0.082585 seconds 
  Import took 0.091948 seconds .

========================================================================
Received Import Request.
  Time since last request: 204.964192 seconds.
  path: Assets/Maya_Models/Circle benches_M.mb
  artifactKey: Guid(74d33d2d39965874f85b30b7713ca825) Importer(815301076,1909f56bfc062723c751e8b465ee728b)
Start importing Assets/Maya_Models/Circle benches_M.mb using Guid(74d33d2d39965874f85b30b7713ca825) Importer(815301076,1909f56bfc062723c751e8b465ee728b)  -> (artifact id: '93146ce65f5ce58ae8eafd91cd3db87b') in 0.778905 seconds 
  Import took 1.049845 seconds .

========================================================================
Received Import Request.
  Time since last request: 1004.355720 seconds.
  path: Assets/Maya_Models/Circle benches_M.mb
  artifactKey: Guid(74d33d2d39965874f85b30b7713ca825) Importer(815301076,1909f56bfc062723c751e8b465ee728b)
Start importing Assets/Maya_Models/Circle benches_M.mb using Guid(74d33d2d39965874f85b30b7713ca825) Importer(815301076,1909f56bfc062723c751e8b465ee728b)  -> (artifact id: '933677580c07ba49506d151f0ea0f94e') in 0.171449 seconds 
  Import took 0.249746 seconds .

========================================================================
Received Import Request.
  Time since last request: 40.086081 seconds.
  path: Assets/Maya_Models/Circle benches_M.mb
  artifactKey: Guid(74d33d2d39965874f85b30b7713ca825) Importer(815301076,1909f56bfc062723c751e8b465ee728b)
Start importing Assets/Maya_Models/Circle benches_M.mb using Guid(74d33d2d39965874f85b30b7713ca825) Importer(815301076,1909f56bfc062723c751e8b465ee728b)  -> (artifact id: '9aafd49f742c5a6a32988b152183928c') in 0.222666 seconds 
  Import took 0.235232 seconds .

========================================================================
Received Import Request.
  Time since last request: 11.070015 seconds.
  path: Assets/Maya_Models/Circle benches_M.mb
  artifactKey: Guid(74d33d2d39965874f85b30b7713ca825) Importer(815301076,1909f56bfc062723c751e8b465ee728b)
Start importing Assets/Maya_Models/Circle benches_M.mb using Guid(74d33d2d39965874f85b30b7713ca825) Importer(815301076,1909f56bfc062723c751e8b465ee728b)  -> (artifact id: '5414fedae64bfefa9c456353366edf36') in 0.115821 seconds 
  Import took 0.130720 seconds .

AssetImportWorkerClient::OnTransportError - code=2 error=End of file
